<?xml version="1.0" encoding="UTF-8"?>
<!-- Generated by org.testng.reporters.JUnitReportReporter -->
<testsuite skipped="0" hostname="LAPTOP-DN1A88SJ" name="DataBaseConnect" tests="1" failures="0" timestamp="23 Jul 2019 21:47:21 GMT" time="0.647" errors="0">
  <testcase name="testDB" time="0.647" classname="DataBaseConnect"/>
</testsuite> <!-- DataBaseConnect -->
